<?xml version="1.0" encoding="UTF-8"?>
<!-- Generated by org.testng.reporters.JUnitXMLReporter -->
<testsuite ignored="0" hostname="Tilak" failures="0" tests="3" name="Test" time="201.132" errors="0" timestamp="2023-06-13T18:40:40 IST">
  <testcase classname="com.part3.DemoDataProvider" name="login" time="95.186"/>
  <testcase classname="com.part3.DemoDataProvider" name="login" time="53.638"/>
  <testcase classname="com.part3.DemoDataProvider" name="login" time="52.225"/>
</testsuite> <!-- Test -->
