<?xml version="1.0" encoding="UTF-8"?>
<testng-results ignored="0" total="1" passed="1" failed="0" skipped="0">
  <reporter-output>
  </reporter-output>
  <suite started-at="2023-06-13T20:06:33 IST" name="Default suite" finished-at="2023-06-13T20:07:06 IST" duration-ms="32279">
    <groups>
    </groups>
    <test started-at="2023-06-13T20:06:33 IST" name="Default test" finished-at="2023-06-13T20:07:06 IST" duration-ms="32279">
      <class name="com.part1.AmazonNavBar">
        <test-method signature="launchApplication()[pri:1, instance:com.part1.AmazonNavBar@24aed80c]" started-at="2023-06-13T20:06:33 IST" name="launchApplication" finished-at="2023-06-13T20:07:06 IST" duration-ms="32210" status="PASS">
          <reporter-output>
          </reporter-output>
        </test-method> <!-- launchApplication -->
      </class> <!-- com.part1.AmazonNavBar -->
    </test> <!-- Default test -->
  </suite> <!-- Default suite -->
</testng-results>
